账号1:
/submit_activity_codes jxfactory jDOS9NeUuGnLSvPvtfWJbg==&U-YaqX2fqfzFbeZdhNLoBg==&RP2VLPXh-W9uYXTLYbLjBQ==&cLcIawFgWKIECx9lLaKu-w==&MQkuWc3cPT-lKk2LSX-c1w==
/submit_activity_codes farm eed8a50f50a2407ba483b7f74d88da7e&a138819f79b64f18bb1fe23a9aad9e7d&3c88e6a635c142f2bbee7a0cf17a754f&0792756107fc43d590b88b7d54796ee9&12f465d77ecf472aad1d1bb2e5222a98
/submit_activity_codes bean e7lhibzb3zek2bijpx2qw5pyubuorephgjy2xay&mlrdw3aw26j3wqvwhipdujmlyyuolj3zj5w7o2q&e7lhibzb3zek3t3clas5sv3753da6jcjtrn7uli&olmijoxgmjutzdtn6e5a56ejiqwhhoajuqvw6xi&7yl36dz5bllgvdh6hl5wm5dnpm
/submit_activity_codes sgmh T0225KkcRB5Kp1yGKB33k6MCcgCjVQmoaT5kRrbA&T0225KkcRRsdpFGGKRj0xaMIdACjVQmoaT5kRrbA&T0225KkcRB4d8FTfJkunxf9edQCjVQmoaT5kRrbA&T0225KkcRhoa8laDIhv0kKNZdwCjVQmoaT5kRrbA&T0129rkiAUFZolPQCjVQmoaT5kRrbA
/submit_activity_codes ddfactory T0225KkcRB5Kp1yGKB33k6MCcgCjVWnYaS5kRrbA&T0225KkcRB4d8FTfJkunxf9edQCjVWnYaS5kRrbA&T0129rkiAUFZolPQCjVWnYaS5kRrbA&T0205KkcG3pjoQaQWnOu6ZBwCjVWnYaS5kRrbA&T0225KkcRRca9geFck_1l_UJfACjVWnYaS5kRrbA
/submit_activity_codes jxcfd 52AF72161FE71CEF3BF9A29C810B500FDD318D07CC955C36E9BD210AE6E705C4&35C484BE6D9A2A9E411E8D31A819D50F17B349D75EF304285D15F4BD0DD1CDDB&BFBD87B0C0E622EE29B69E8E02EB407AF6C0D38935C6F3F43741E7D43F57F8DF&1005668975D5A16ECEB85553F1F6C172C5CF3D8F38BD0A6F5CFFF7D8D2409880&307F67D207204C9570360C88A00573F2E5FF1292CCB625A7E6823EFFC9B91A6C
/submit_activity_codes jdglobal SWZ6bHkvc0x5cS8za0hISUwveHgrMktrc214T3pkZGgrajBVN2JDb3dMcz0=&NU55WU14TElmRndSaHc0VHA5QzBnQjE3ZW9UdUFvOGI0YmF5ZGZ3c1ZTWT0=&d0p6QXQ1M0FTb0VvcktnKzk4cFlwREJwbWZTSWdvMHRHaWFLTkIyeU9TOD0=&ZUgvWGczbDNZUGxGQk5oVUg3S2FuVEtMcUNDUTdDd0xYRG12ZUpUT05NUT0=&UkdHMXlidXNzYmgxRE1iQ2IySDNnUT09
/submit_activity_codes city RtGKzOz3EwLydoSZEIA70P9IC9YIatCo-JYu-KbpH6L53mbD7g&RtGKzemgEA_yd4GaRoAx1oXpsaS_QqOBxAIrj96_uLJfUTDtug&RtGKzOygRAqreNLJRtxn15XsTRTbSSleL8pL4tc7gtzu8jsYrw&RtGKzuinRgj3fIKaE4Bg1WdmFZcTaSCaAThfKUCk7XeBNmYVQQ&VMG0ibPkFg2kMs_WF5h_mjDbZA_4EcPsPy7QUngu
/jdcash eU9YaOzhNPR3-WnWzCcb0A&eU9Yaem2N_l3-GzVmicR1g&eU9YaOy2Y_wu9z-GmntH1w&eU9YauixYf5y82_VzydA1Q&a19mLbPyMfsh
/jdzz S5KkcRB5Kp1yGKB33k6MCcg&S5KkcRRsdpFGGKRj0xaMIdA&S5KkcRB4d8FTfJkunxf9edQ&S5KkcRhoa8laDIhv0kKNZdw&S9rkiAUFZolPQ
账号2:
/submit_activity_codes farm d57715ac11754598b1f9c5f6b338ce32&e72776d09bd4486c9b66fbd026da9de1&3cb84ada5543426a9e43174702e60e1e&6c509e2b93ad44f29a0ddd44d5818441
/submit_activity_codes bean 7oivz2mjbmnx4rrbzsohjhlh7u2tqs6aiczw5wi&mlrdw3aw26j3wcc4ffutd4lwtcclbeq5m2e3oja&xyymddxmc3bvyic5w4vf2zc6s4&ucksbeipgupr677hlikjqn5sge
/submit_activity_codes sgmh T0205KkcG3pjoQaQWnOu6ZBwCjVQmoaT5kRrbA&T0225KkcRRca9geFck_1l_UJfACjVQmoaT5kRrbA&T0149KUiHklLpAuFdQCjVQmoaT5kRrbA&T0107KQsQh4Y9wCjVQmoaT5kRrbA
/submit_activity_codes ddfactory T0149KUiHklLpAuFdQCjVWnYaS5kRrbA
/submit_activity_codes jxcfd 58658094758ACE6C03CC597250BFA75BFF6101CBAEC78CEF499039005581B143&6F269416112401A14ECF56C219BB860B6A994B16DFAFDE3E1EA91D31B4336A1E&E769842A45C1FC21292F8429BF84ED514B5F71A1E5AE0FD3F92BF585039C77E7&856F8966DC414F34C100ADF5F8649F3DA4681C657B656E31DB24EB000F8A271C
/submit_activity_codes jdglobal MGJERTcxdk5UQUJ6QjViRWNRYlJWQT09&SXFxd0JuU2oxcW93bUtxTUhHZHhWeFZJZTR6M0NTRjRxcjg2dWRjNjl5WT0=&WHlsdEdKSUJxUTJuYWxSbXVNTHB1UT09&ZS9kT2hRc0MwR2xvWERVNUF1ck9aZz09
/submit_activity_codes city RtGKzeWnQlnxLNabFNYw3mAgR-9FSscL1424GYAXqKCbT_p9bA&Vt20lrv2EFXxK8_WW9R_ms-en4dmmPUE_-Gh73rttw&Tty6yuylQ0bvMoPWW5hqiGYEfn-_V_4kG9skNQ
/jdcash eU9YN4jIMq5hiwePthRp&eU9YaeWxZa90ozvUyHEQ3g&aUNmMrvgN6N0pA&cUJobuyzZA
/jdzz S5KkcG3pjoQaQWnOu6ZBw&S5KkcRRca9geFck_1l_UJfA&S9KUiHklLpAuFdQ&S7KQsQh4Y9w
