
======账号1开始======
【账号1（jd_134163crp）东东工厂】T0225KkcRB5Kp1yGKB33k6MCcgCjVWnYaS5kRrbA
【账号1（jd_134163crp）京喜农场】未选择种子，请先去京喜农场选择种子
【账号1（jd_134163crp）京东萌宠】MTE1NDAxNzcwMDAwMDAwMzQ4MTExOTk=
【账号1（jd_134163crp）京东种豆得豆】e7lhibzb3zek2bijpx2qw5pyubuorephgjy2xay
【账号1（jd_134163crp）东东农场】eed8a50f50a2407ba483b7f74d88da7e
【账号1（jd_134163crp）京东赚赚】已满5人助力或助力功能已下线,故暂时无好友助力码
【账号1（jd_134163crp）crazyJoy】YOC2Ld8hDrOymlJcGj7BUat9zd5YaBeE
【账号1（jd_134163crp）闪购盲盒】T0225KkcRB5Kp1yGKB33k6MCcgCjVWmIaW5kRrbA
======账号1结束======

======账号2开始======
【账号2（zzs11）京喜工厂】jDOS9NeUuGnLSvPvtfWJbg==
【账号2（zzs11）京喜农场】{"smp":"5be1c6fade05194e49fe0b5af4b5b63f","active":"jdnc_1_newhdgan1201_2","joinnum":1}
【账号2（zzs11）京东萌宠】MTE1NDUyMjEwMDAwMDAwMzQ4MTEyMDM=
【账号2（zzs11）京东种豆得豆】mlrdw3aw26j3wqvwhipdujmlyyuolj3zj5w7o2q
【账号2（zzs11）东东农场】a138819f79b64f18bb1fe23a9aad9e7d
【账号2（zzs11）京东赚赚】已满5人助力或助力功能已下线,故暂时无好友助力码
【账号2（zzs11）crazyJoy】99Hdl3I7JFqypMGuC9WirKt9zd5YaBeE
【账号2（zzs11）闪购盲盒】T0225KkcRRsdpFGGKRj0xaMIdACjVWmIaW5kRrbA
======账号2结束======

======账号3开始======
【账号3（jd_137609wou）东东工厂】T0225KkcRB4d8FTfJkunxf9edQCjVWnYaS5kRrbA
【账号3（jd_137609wou）京喜农场】未选择种子，请先去京喜农场选择种子
【账号3（jd_137609wou）京东萌宠】MTE1NDQ5OTIwMDAwMDAwMzQ4Mzg5MjE=
【账号3（jd_137609wou）京东种豆得豆】e7lhibzb3zek3t3clas5sv3753da6jcjtrn7uli
【账号3（jd_137609wou）东东农场】3c88e6a635c142f2bbee7a0cf17a754f
【账号3（jd_137609wou）京东赚赚】已满5人助力或助力功能已下线,故暂时无好友助力码
【账号3（jd_137609wou）crazyJoy】gvXSobf2Ick6ez-pFdY_aqt9zd5YaBeE
【账号3（jd_137609wou）闪购盲盒】T0225KkcRB4d8FTfJkunxf9edQCjVWmIaW5kRrbA
======账号3结束======

======账号4开始======
【账号4（jd_159190ucb）京喜农场】{"smp":"06449e69cb7f97e0ab46ce2bbf065442","active":"jdnc_1_mangogan20201210_2","joinnum":1}
【账号4（jd_159190ucb）京东萌宠】MTE1NDQ5OTIwMDAwMDAwMzU2MTkxMDM=
【账号4（jd_159190ucb）京东种豆得豆】olmijoxgmjutzdtn6e5a56ejiqwhhoajuqvw6xi
【账号4（jd_159190ucb）东东农场】0792756107fc43d590b88b7d54796ee9
【账号4（jd_159190ucb）京东赚赚】已满5人助力或助力功能已下线,故暂时无好友助力码
【账号4（jd_159190ucb）crazyJoy】l2giHh1hiHOL3t9Qrz31Gqt9zd5YaBeE
【账号4（jd_159190ucb）闪购盲盒】T0225KkcRhoa8laDIhv0kKNZdwCjVWmIaW5kRrbA
======账号4结束======

======账号5开始======
【账号5（xtaqopg77）东东工厂】T0129rkiAUFZolPQCjVWnYaS5kRrbA
【账号5（xtaqopg77）京喜工厂】RP2VLPXh-W9uYXTLYbLjBQ==
【账号5（xtaqopg77）京喜农场】未选择种子，请先去京喜农场选择种子
【账号5（xtaqopg77）京东萌宠】MTE1NDAxNzYwMDAwMDAwMzU2MjA3NDU=
【账号5（xtaqopg77）京东种豆得豆】7yl36dz5bllgvdh6hl5wm5dnpm
【账号5（xtaqopg77）东东农场】12f465d77ecf472aad1d1bb2e5222a98
【账号5（xtaqopg77）京东赚赚】已满5人助力或助力功能已下线,故暂时无好友助力码
【账号5（xtaqopg77）crazyJoy】5ppV4RIneHplxr3-Uov13g==
【账号5（xtaqopg77）闪购盲盒】T0129rkiAUFZolPQCjVWmIaW5kRrbA
======账号5结束======

======账号6开始======
【账号6（jd_kTJdbwJYjMWJ）东东工厂】T0205KkcG3pjoQaQWnOu6ZBwCjVWnYaS5kRrbA
【账号6（jd_kTJdbwJYjMWJ）京喜农场】未选择种子，请先去京喜农场选择种子
【账号6（jd_kTJdbwJYjMWJ）京东萌宠】MTE1NDQ5OTUwMDAwMDAwMzU3NTA2ODM=
【账号6（jd_kTJdbwJYjMWJ）京东种豆得豆】7oivz2mjbmnx4rrbzsohjhlh7u2tqs6aiczw5wi
【账号6（jd_kTJdbwJYjMWJ）东东农场】d57715ac11754598b1f9c5f6b338ce32
【账号6（jd_kTJdbwJYjMWJ）京东赚赚】已满5人助力或助力功能已下线,故暂时无好友助力码
【账号6（jd_kTJdbwJYjMWJ）crazyJoy】Cblq_NvJL_q57poVgyK27g==
【账号6（jd_kTJdbwJYjMWJ）闪购盲盒】T0205KkcG3pjoQaQWnOu6ZBwCjVWmIaW5kRrbA
======账号6结束======

======账号7开始======
【账号7（jd_137234xkd）东东工厂】T0225KkcRRca9geFck_1l_UJfACjVWnYaS5kRrbA
【账号7（jd_137234xkd）京喜农场】未选择种子，请先去京喜农场选择种子
【账号7（jd_137234xkd）京东萌宠】MTE1NDQ5OTUwMDAwMDAwMzYxNjE4Njk=
【账号7（jd_137234xkd）京东种豆得豆】mlrdw3aw26j3wcc4ffutd4lwtcclbeq5m2e3oja
【账号7（jd_137234xkd）东东农场】e72776d09bd4486c9b66fbd026da9de1
【账号7（jd_137234xkd）京东赚赚】已满5人助力或助力功能已下线,故暂时无好友助力码
【账号7（jd_137234xkd）crazyJoy】6-Nst_qZqXPeWoJnvA819Kt9zd5YaBeE
【账号7（jd_137234xkd）闪购盲盒】T0225KkcRRca9geFck_1l_UJfACjVWmIaW5kRrbA
======账号7结束======

======账号8开始======
【账号8（jjnn25）东东工厂】T0149KUiHklLpAuFdQCjVWnYaS5kRrbA
【账号8（jjnn25）京喜工厂】MQkuWc3cPT-lKk2LSX-c1w==
【账号8（jjnn25）京喜农场】未选择种子，请先去京喜农场选择种子
【账号8（jjnn25）京东萌宠】MTE1NDQ5MzYwMDAwMDAwMzYxNzg5MzU=
【账号8（jjnn25）京东种豆得豆】xyymddxmc3bvyic5w4vf2zc6s4
【账号8（jjnn25）东东农场】3cb84ada5543426a9e43174702e60e1e
【账号8（jjnn25）京东赚赚】已满5人助力或助力功能已下线,故暂时无好友助力码
【账号8（jjnn25）crazyJoy】lWGQtbbsJCq6x4aQ0qQ2Gw==
【账号8（jjnn25）闪购盲盒】T0149KUiHklLpAuFdQCjVWmIaW5kRrbA
======账号8结束======
